2019-05-30 17:30:09 -Starting BlogApplication on liuj-PC with PID 6084 (F:\Workspaces\blog\target\classes started by liuj in F:\Workspaces\blog)
2019-05-30 17:30:10 -Running with Spring Boot v2.1.5.RELEASE, Spring v5.1.7.RELEASE
2019-05-30 17:30:10 -No active profile set, falling back to default profiles: default
2019-05-30 17:30:10 -Tomcat initialized with port(s): 8080 (http)
2019-05-30 17:30:10 -Initializing ProtocolHandler ["http-nio-8080"]
2019-05-30 17:30:10 -Starting service [Tomcat]
2019-05-30 17:30:10 -Starting Servlet engine: [Apache Tomcat/9.0.19]
2019-05-30 17:30:10 -Initializing Spring embedded WebApplicationContext
2019-05-30 17:30:10 -Root WebApplicationContext: initialization completed in 733 ms
2019-05-30 17:30:10 -Initializing ExecutorService 'applicationTaskExecutor'
2019-05-30 17:30:11 -Starting ProtocolHandler ["http-nio-8080"]
2019-05-30 17:30:11 -Tomcat started on port(s): 8080 (http) with context path ''
2019-05-30 17:30:11 -Started BlogApplication in 1.584 seconds (JVM running for 2.081)
2019-05-30 17:30:57 -Starting BlogApplication on liuj-PC with PID 8948 (F:\Workspaces\blog\target\classes started by liuj in F:\Workspaces\blog)
2019-05-30 17:30:57 -Running with Spring Boot v2.1.5.RELEASE, Spring v5.1.7.RELEASE
2019-05-30 17:30:57 -No active profile set, falling back to default profiles: default
2019-05-30 17:30:58 -Started BlogApplication in 1.553 seconds (JVM running for 2.059)
2019-05-30 17:31:22 -Starting BlogApplication on liuj-PC with PID 5928 (F:\Workspaces\blog\target\classes started by liuj in F:\Workspaces\blog)
2019-05-30 17:31:23 -Running with Spring Boot v2.1.5.RELEASE, Spring v5.1.7.RELEASE
2019-05-30 17:31:23 -No active profile set, falling back to default profiles: default
2019-05-30 17:31:23 -Tomcat initialized with port(s): 8080 (http)
2019-05-30 17:31:23 -Initializing ProtocolHandler ["http-nio-8080"]
2019-05-30 17:31:23 -Starting service [Tomcat]
2019-05-30 17:31:23 -Starting Servlet engine: [Apache Tomcat/9.0.19]
2019-05-30 17:31:23 -Initializing Spring embedded WebApplicationContext
2019-05-30 17:31:23 -Root WebApplicationContext: initialization completed in 745 ms
2019-05-30 17:31:23 -Initializing ExecutorService 'applicationTaskExecutor'
2019-05-30 17:31:24 -Starting ProtocolHandler ["http-nio-8080"]
2019-05-30 17:31:24 -Tomcat started on port(s): 8080 (http) with context path ''
2019-05-30 17:31:24 -Started BlogApplication in 1.532 seconds (JVM running for 2.006)
2019-05-30 17:32:45 -Starting BlogApplication on liuj-PC with PID 7116 (F:\Workspaces\blog\target\classes started by liuj in F:\Workspaces\blog)
2019-05-30 17:32:45 -No active profile set, falling back to default profiles: default
2019-05-30 17:32:46 -Tomcat initialized with port(s): 8080 (http)
2019-05-30 17:32:46 -Initializing ProtocolHandler ["http-nio-8080"]
2019-05-30 17:32:46 -Starting service [Tomcat]
2019-05-30 17:32:46 -Starting Servlet engine: [Apache Tomcat/9.0.19]
2019-05-30 17:32:46 -Initializing Spring embedded WebApplicationContext
2019-05-30 17:32:46 -Root WebApplicationContext: initialization completed in 732 ms
2019-05-30 17:32:46 -Initializing ExecutorService 'applicationTaskExecutor'
2019-05-30 17:32:46 -Starting ProtocolHandler ["http-nio-8080"]
2019-05-30 17:32:46 -Tomcat started on port(s): 8080 (http) with context path ''
2019-05-30 17:32:46 -Started BlogApplication in 1.523 seconds (JVM running for 1.985)
2019-05-30 17:33:54 -Starting BlogApplication on liuj-PC with PID 7628 (F:\Workspaces\blog\target\classes started by liuj in F:\Workspaces\blog)
2019-05-30 17:33:54 -No active profile set, falling back to default profiles: default
2019-05-30 17:33:55 -Tomcat initialized with port(s): 8080 (http)
2019-05-30 17:33:55 -Initializing ProtocolHandler ["http-nio-8080"]
2019-05-30 17:33:55 -Starting service [Tomcat]
2019-05-30 17:33:55 -Starting Servlet engine: [Apache Tomcat/9.0.19]
2019-05-30 17:33:55 -Initializing Spring embedded WebApplicationContext
2019-05-30 17:33:55 -Root WebApplicationContext: initialization completed in 692 ms
2019-05-30 17:33:55 -Initializing ExecutorService 'applicationTaskExecutor'
2019-05-30 17:33:55 -Starting ProtocolHandler ["http-nio-8080"]
2019-05-30 17:33:55 -Tomcat started on port(s): 8080 (http) with context path ''
2019-05-30 17:33:55 -Started BlogApplication in 1.513 seconds (JVM running for 2.004)
2019-05-30 17:45:26 -Starting BlogApplication on liuj-PC with PID 8668 (F:\Workspaces\blog\target\classes started by liuj in F:\Workspaces\blog)
2019-05-30 17:45:26 -No active profile set, falling back to default profiles: default
2019-05-30 17:45:27 -Tomcat initialized with port(s): 8080 (http)
2019-05-30 17:45:27 -Initializing ProtocolHandler ["http-nio-8080"]
2019-05-30 17:45:27 -Starting service [Tomcat]
2019-05-30 17:45:27 -Starting Servlet engine: [Apache Tomcat/9.0.19]
2019-05-30 17:45:27 -Initializing Spring embedded WebApplicationContext
2019-05-30 17:45:27 -Root WebApplicationContext: initialization completed in 944 ms
2019-05-30 17:45:27 -Initializing ExecutorService 'applicationTaskExecutor'
2019-05-30 17:45:27 -Starting ProtocolHandler ["http-nio-8080"]
2019-05-30 17:45:27 -Tomcat started on port(s): 8080 (http) with context path ''
2019-05-30 17:45:27 -Started BlogApplication in 2.015 seconds (JVM running for 2.487)
2019-05-30 18:03:04 -Application run failed
org.springframework.boot.context.properties.bind.BindException: Failed to bind properties under 'logging.level' to java.util.Map<java.lang.String, java.lang.String>
	at org.springframework.boot.context.properties.bind.Binder.handleBindError(Binder.java:249)
	at org.springframework.boot.context.properties.bind.Binder.bind(Binder.java:225)
	at org.springframework.boot.context.properties.bind.Binder.bind(Binder.java:208)
	at org.springframework.boot.context.properties.bind.Binder.bind(Binder.java:177)
	at org.springframework.boot.context.logging.LoggingApplicationListener.setLogLevels(LoggingApplicationListener.java:342)
	at org.springframework.boot.context.logging.LoggingApplicationListener.initializeFinalLoggingLevels(LoggingApplicationListener.java:318)
	at org.springframework.boot.context.logging.LoggingApplicationListener.initialize(LoggingApplicationListener.java:266)
	at org.springframework.boot.context.logging.LoggingApplicationListener.onApplicationEnvironmentPreparedEvent(LoggingApplicationListener.java:228)
	at org.springframework.boot.context.logging.LoggingApplicationListener.onApplicationEvent(LoggingApplicationListener.java:201)
	at org.springframework.context.event.SimpleApplicationEventMulticaster.doInvokeListener(SimpleApplicationEventMulticaster.java:172)
	at org.springframework.context.event.SimpleApplicationEventMulticaster.invokeListener(SimpleApplicationEventMulticaster.java:165)
	at org.springframework.context.event.SimpleApplicationEventMulticaster.multicastEvent(SimpleApplicationEventMulticaster.java:139)
	at org.springframework.context.event.SimpleApplicationEventMulticaster.multicastEvent(SimpleApplicationEventMulticaster.java:127)
	at org.springframework.boot.context.event.EventPublishingRunListener.environmentPrepared(EventPublishingRunListener.java:75)
	at org.springframework.boot.SpringApplicationRunListeners.environmentPrepared(SpringApplicationRunListeners.java:54)
	at org.springframework.boot.SpringApplication.prepareEnvironment(SpringApplication.java:347)
	at org.springframework.boot.SpringApplication.run(SpringApplication.java:306)
	at org.springframework.boot.SpringApplication.run(SpringApplication.java:1260)
	at org.springframework.boot.SpringApplication.run(SpringApplication.java:1248)
	at com.xiao.blog.BlogApplication.main(BlogApplication.java:10)
Caused by: org.springframework.core.convert.ConverterNotFoundException: No converter found capable of converting from type [java.lang.String] to type [java.util.Map<java.lang.String, java.lang.String>]
	at org.springframework.core.convert.support.GenericConversionService.handleConverterNotFound(GenericConversionService.java:321)
	at org.springframework.core.convert.support.GenericConversionService.convert(GenericConversionService.java:194)
	at org.springframework.boot.context.properties.bind.BindConverter$CompositeConversionService.convert(BindConverter.java:177)
	at org.springframework.boot.context.properties.bind.BindConverter.convert(BindConverter.java:98)
	at org.springframework.boot.context.properties.bind.BindConverter.convert(BindConverter.java:90)
	at org.springframework.boot.context.properties.bind.MapBinder.bindAggregate(MapBinder.java:65)
	at org.springframework.boot.context.properties.bind.AggregateBinder.bind(AggregateBinder.java:58)
	at org.springframework.boot.context.properties.bind.Binder.lambda$bindAggregate$2(Binder.java:304)
	at org.springframework.boot.context.properties.bind.Binder$Context.withIncreasedDepth(Binder.java:448)
	at org.springframework.boot.context.properties.bind.Binder$Context.access$100(Binder.java:388)
	at org.springframework.boot.context.properties.bind.Binder.bindAggregate(Binder.java:303)
	at org.springframework.boot.context.properties.bind.Binder.bindObject(Binder.java:261)
	at org.springframework.boot.context.properties.bind.Binder.bind(Binder.java:220)
	... 18 common frames omitted
2019-05-30 18:03:31 -Application run failed
org.springframework.boot.context.properties.bind.BindException: Failed to bind properties under 'logging.level' to java.util.Map<java.lang.String, java.lang.String>
	at org.springframework.boot.context.properties.bind.Binder.handleBindError(Binder.java:249)
	at org.springframework.boot.context.properties.bind.Binder.bind(Binder.java:225)
	at org.springframework.boot.context.properties.bind.Binder.bind(Binder.java:208)
	at org.springframework.boot.context.properties.bind.Binder.bind(Binder.java:177)
	at org.springframework.boot.context.logging.LoggingApplicationListener.setLogLevels(LoggingApplicationListener.java:342)
	at org.springframework.boot.context.logging.LoggingApplicationListener.initializeFinalLoggingLevels(LoggingApplicationListener.java:318)
	at org.springframework.boot.context.logging.LoggingApplicationListener.initialize(LoggingApplicationListener.java:266)
	at org.springframework.boot.context.logging.LoggingApplicationListener.onApplicationEnvironmentPreparedEvent(LoggingApplicationListener.java:228)
	at org.springframework.boot.context.logging.LoggingApplicationListener.onApplicationEvent(LoggingApplicationListener.java:201)
	at org.springframework.context.event.SimpleApplicationEventMulticaster.doInvokeListener(SimpleApplicationEventMulticaster.java:172)
	at org.springframework.context.event.SimpleApplicationEventMulticaster.invokeListener(SimpleApplicationEventMulticaster.java:165)
	at org.springframework.context.event.SimpleApplicationEventMulticaster.multicastEvent(SimpleApplicationEventMulticaster.java:139)
	at org.springframework.context.event.SimpleApplicationEventMulticaster.multicastEvent(SimpleApplicationEventMulticaster.java:127)
	at org.springframework.boot.context.event.EventPublishingRunListener.environmentPrepared(EventPublishingRunListener.java:75)
	at org.springframework.boot.SpringApplicationRunListeners.environmentPrepared(SpringApplicationRunListeners.java:54)
	at org.springframework.boot.SpringApplication.prepareEnvironment(SpringApplication.java:347)
	at org.springframework.boot.SpringApplication.run(SpringApplication.java:306)
	at org.springframework.boot.SpringApplication.run(SpringApplication.java:1260)
	at org.springframework.boot.SpringApplication.run(SpringApplication.java:1248)
	at com.xiao.blog.BlogApplication.main(BlogApplication.java:10)
Caused by: org.springframework.core.convert.ConverterNotFoundException: No converter found capable of converting from type [java.lang.String] to type [java.util.Map<java.lang.String, java.lang.String>]
	at org.springframework.core.convert.support.GenericConversionService.handleConverterNotFound(GenericConversionService.java:321)
	at org.springframework.core.convert.support.GenericConversionService.convert(GenericConversionService.java:194)
	at org.springframework.boot.context.properties.bind.BindConverter$CompositeConversionService.convert(BindConverter.java:177)
	at org.springframework.boot.context.properties.bind.BindConverter.convert(BindConverter.java:98)
	at org.springframework.boot.context.properties.bind.BindConverter.convert(BindConverter.java:90)
	at org.springframework.boot.context.properties.bind.MapBinder.bindAggregate(MapBinder.java:65)
	at org.springframework.boot.context.properties.bind.AggregateBinder.bind(AggregateBinder.java:58)
	at org.springframework.boot.context.properties.bind.Binder.lambda$bindAggregate$2(Binder.java:304)
	at org.springframework.boot.context.properties.bind.Binder$Context.withIncreasedDepth(Binder.java:448)
	at org.springframework.boot.context.properties.bind.Binder$Context.access$100(Binder.java:388)
	at org.springframework.boot.context.properties.bind.Binder.bindAggregate(Binder.java:303)
	at org.springframework.boot.context.properties.bind.Binder.bindObject(Binder.java:261)
	at org.springframework.boot.context.properties.bind.Binder.bind(Binder.java:220)
	... 18 common frames omitted
2019-05-30 18:04:04 -Application run failed
org.springframework.boot.context.properties.bind.BindException: Failed to bind properties under 'logging.level' to java.util.Map<java.lang.String, java.lang.String>
	at org.springframework.boot.context.properties.bind.Binder.handleBindError(Binder.java:249)
	at org.springframework.boot.context.properties.bind.Binder.bind(Binder.java:225)
	at org.springframework.boot.context.properties.bind.Binder.bind(Binder.java:208)
	at org.springframework.boot.context.properties.bind.Binder.bind(Binder.java:177)
	at org.springframework.boot.context.logging.LoggingApplicationListener.setLogLevels(LoggingApplicationListener.java:342)
	at org.springframework.boot.context.logging.LoggingApplicationListener.initializeFinalLoggingLevels(LoggingApplicationListener.java:318)
	at org.springframework.boot.context.logging.LoggingApplicationListener.initialize(LoggingApplicationListener.java:266)
	at org.springframework.boot.context.logging.LoggingApplicationListener.onApplicationEnvironmentPreparedEvent(LoggingApplicationListener.java:228)
	at org.springframework.boot.context.logging.LoggingApplicationListener.onApplicationEvent(LoggingApplicationListener.java:201)
	at org.springframework.context.event.SimpleApplicationEventMulticaster.doInvokeListener(SimpleApplicationEventMulticaster.java:172)
	at org.springframework.context.event.SimpleApplicationEventMulticaster.invokeListener(SimpleApplicationEventMulticaster.java:165)
	at org.springframework.context.event.SimpleApplicationEventMulticaster.multicastEvent(SimpleApplicationEventMulticaster.java:139)
	at org.springframework.context.event.SimpleApplicationEventMulticaster.multicastEvent(SimpleApplicationEventMulticaster.java:127)
	at org.springframework.boot.context.event.EventPublishingRunListener.environmentPrepared(EventPublishingRunListener.java:75)
	at org.springframework.boot.SpringApplicationRunListeners.environmentPrepared(SpringApplicationRunListeners.java:54)
	at org.springframework.boot.SpringApplication.prepareEnvironment(SpringApplication.java:347)
	at org.springframework.boot.SpringApplication.run(SpringApplication.java:306)
	at org.springframework.boot.SpringApplication.run(SpringApplication.java:1260)
	at org.springframework.boot.SpringApplication.run(SpringApplication.java:1248)
	at com.xiao.blog.BlogApplication.main(BlogApplication.java:10)
Caused by: org.springframework.core.convert.ConverterNotFoundException: No converter found capable of converting from type [java.lang.String] to type [java.util.Map<java.lang.String, java.lang.String>]
	at org.springframework.core.convert.support.GenericConversionService.handleConverterNotFound(GenericConversionService.java:321)
	at org.springframework.core.convert.support.GenericConversionService.convert(GenericConversionService.java:194)
	at org.springframework.boot.context.properties.bind.BindConverter$CompositeConversionService.convert(BindConverter.java:177)
	at org.springframework.boot.context.properties.bind.BindConverter.convert(BindConverter.java:98)
	at org.springframework.boot.context.properties.bind.BindConverter.convert(BindConverter.java:90)
	at org.springframework.boot.context.properties.bind.MapBinder.bindAggregate(MapBinder.java:65)
	at org.springframework.boot.context.properties.bind.AggregateBinder.bind(AggregateBinder.java:58)
	at org.springframework.boot.context.properties.bind.Binder.lambda$bindAggregate$2(Binder.java:304)
	at org.springframework.boot.context.properties.bind.Binder$Context.withIncreasedDepth(Binder.java:448)
	at org.springframework.boot.context.properties.bind.Binder$Context.access$100(Binder.java:388)
	at org.springframework.boot.context.properties.bind.Binder.bindAggregate(Binder.java:303)
	at org.springframework.boot.context.properties.bind.Binder.bindObject(Binder.java:261)
	at org.springframework.boot.context.properties.bind.Binder.bind(Binder.java:220)
	... 18 common frames omitted
2019-05-30 18:05:29 -Starting BlogApplication on liuj-PC with PID 6956 (F:\Workspaces\blog\target\classes started by liuj in F:\Workspaces\blog)
2019-05-30 18:05:29 -Running with Spring Boot v2.1.5.RELEASE, Spring v5.1.7.RELEASE
2019-05-30 18:05:29 -No active profile set, falling back to default profiles: default
2019-05-30 18:05:30 -Tomcat initialized with port(s): 8080 (http)
2019-05-30 18:05:30 -Initializing ProtocolHandler ["http-nio-8080"]
2019-05-30 18:05:30 -Starting service [Tomcat]
2019-05-30 18:05:30 -Starting Servlet engine: [Apache Tomcat/9.0.19]
2019-05-30 18:05:30 -Initializing Spring embedded WebApplicationContext
2019-05-30 18:05:30 -Root WebApplicationContext: initialization completed in 906 ms
2019-05-30 18:05:31 -Initializing ExecutorService 'applicationTaskExecutor'
2019-05-30 18:05:31 -Exception encountered during context initialization - cancelling refresh attempt: org.springframework.beans.factory.BeanCreationException: Error creating bean with name 'dataSource' defined in class path resource [org/springframework/boot/autoconfigure/jdbc/DataSourceConfiguration$Hikari.class]: Bean instantiation via factory method failed; nested exception is org.springframework.beans.BeanInstantiationException: Failed to instantiate [com.zaxxer.hikari.HikariDataSource]: Factory method 'dataSource' threw exception; nested exception is org.springframework.boot.autoconfigure.jdbc.DataSourceProperties$DataSourceBeanCreationException: Failed to determine a suitable driver class
2019-05-30 18:05:31 -Shutting down ExecutorService 'applicationTaskExecutor'
2019-05-30 18:05:31 -Stopping service [Tomcat]
2019-05-30 18:05:31 -

Error starting ApplicationContext. To display the conditions report re-run your application with 'debug' enabled.
2019-05-30 18:05:31 -

***************************
APPLICATION FAILED TO START
***************************

Description:

Failed to configure a DataSource: 'url' attribute is not specified and no embedded datasource could be configured.

Reason: Failed to determine a suitable driver class


Action:

Consider the following:
	If you want an embedded database (H2, HSQL or Derby), please put it on the classpath.
	If you have database settings to be loaded from a particular profile you may need to activate it (no profiles are currently active).

2019-05-30 18:05:54 -Starting BlogApplication on liuj-PC with PID 5612 (F:\Workspaces\blog\target\classes started by liuj in F:\Workspaces\blog)
2019-05-30 18:05:54 -No active profile set, falling back to default profiles: default
2019-05-30 18:05:55 -

***************************
APPLICATION FAILED TO START
***************************

Description:

Failed to configure a DataSource: 'url' attribute is not specified and no embedded datasource could be configured.

Reason: Failed to determine a suitable driver class


Action:

Consider the following:
	If you want an embedded database (H2, HSQL or Derby), please put it on the classpath.
	If you have database settings to be loaded from a particular profile you may need to activate it (no profiles are currently active).

2019-05-30 18:08:31 -Starting BlogApplication on liuj-PC with PID 7488 (F:\Workspaces\blog\target\classes started by liuj in F:\Workspaces\blog)
2019-05-30 18:08:31 -No active profile set, falling back to default profiles: default
2019-05-30 18:08:32 -Started BlogApplication in 1.816 seconds (JVM running for 2.297)
