2019-06-11 22:36:20 -Starting BlogApplication on liuj-PC with PID 6604 (F:\Workspaces\blog\target\classes started by liuj in F:\Workspaces\blog)
2019-06-11 22:36:20 -Running with Spring Boot v2.1.5.RELEASE, Spring v5.1.7.RELEASE
2019-06-11 22:36:20 -The following profiles are active: dev
2019-06-11 22:36:22 -Multiple Spring Data modules found, entering strict repository configuration mode!
2019-06-11 22:36:22 -Bootstrapping Spring Data repositories in DEFAULT mode.
2019-06-11 22:36:22 -Finished Spring Data repository scanning in 26ms. Found 0 repository interfaces.
2019-06-11 22:36:23 -Bean 'org.springframework.transaction.annotation.ProxyTransactionManagementConfiguration' of type [org.springframework.transaction.annotation.ProxyTransactionManagementConfiguration$$EnhancerBySpringCGLIB$$e77e0b7f] is not eligible for getting processed by all BeanPostProcessors (for example: not eligible for auto-proxying)
2019-06-11 22:36:23 -Bean 'shiroConfig' of type [com.xiao.blog.system.config.ShiroConfig$$EnhancerBySpringCGLIB$$68aabc00] is not eligible for getting processed by all BeanPostProcessors (for example: not eligible for auto-proxying)
2019-06-11 22:36:23 -Bean 'userRealm' of type [com.xiao.blog.system.shiro.UserRealm] is not eligible for getting processed by all BeanPostProcessors (for example: not eligible for auto-proxying)
2019-06-11 22:36:23 -Bean 'securityManager' of type [org.apache.shiro.web.mgt.DefaultWebSecurityManager] is not eligible for getting processed by all BeanPostProcessors (for example: not eligible for auto-proxying)
2019-06-11 22:36:24 -Tomcat initialized with port(s): 8080 (http)
2019-06-11 22:36:24 -Initializing ProtocolHandler ["http-nio-8080"]
2019-06-11 22:36:24 -Starting service [Tomcat]
2019-06-11 22:36:24 -Starting Servlet engine: [Apache Tomcat/9.0.19]
2019-06-11 22:36:24 -Initializing Spring embedded WebApplicationContext
2019-06-11 22:36:24 -Root WebApplicationContext: initialization completed in 3787 ms
2019-06-11 22:36:25 -Init DruidDataSource
2019-06-11 22:36:25 -{dataSource-1} inited
2019-06-11 22:36:25 -ApplicationContextRegister : 
2019-06-11 22:36:26 -Initializing ExecutorService 'applicationTaskExecutor'
2019-06-11 22:36:26 -[THYMELEAF][main] Template Mode 'LEGACYHTML5' is deprecated. Using Template Mode 'HTML' instead.
2019-06-11 22:36:26 -Adding welcome page template: index
2019-06-11 22:36:27 -Starting ProtocolHandler ["http-nio-8080"]
2019-06-11 22:36:27 -Tomcat started on port(s): 8080 (http) with context path ''
2019-06-11 22:36:27 -Started BlogApplication in 7.159 seconds (JVM running for 8.223)
2019-06-11 22:36:51 -Initializing Spring DispatcherServlet 'dispatcherServlet'
2019-06-11 22:36:51 -Initializing Servlet 'dispatcherServlet'
2019-06-11 22:36:51 -Completed initialization in 33 ms
2019-06-11 22:36:52 -0953
2019-06-11 22:36:53 -==>  Preparing: insert into sys_log ( `user_id`, `username`, `operation`, `time`, `method`, `params`, `ip`, `gmt_create` ) values ( ?, ?, ?, ?, ?, ?, ?, ? ) 
2019-06-11 22:36:53 -==> Parameters: -1(Long), {"username":"admin"}(String), 登录(String), 3(Long), com.xiao.blog.system.controller.LoginController.login()(String), {"username":"admin"}(String), 127.0.0.1(String), 2019-06-11 22:36:52.894(Timestamp)
2019-06-11 22:36:53 -<==    Updates: 1
2019-06-11 22:36:54 -==>  Preparing: insert into sys_log ( `user_id`, `username`, `operation`, `time`, `method`, `params`, `ip`, `gmt_create` ) values ( ?, ?, ?, ?, ?, ?, ?, ? ) 
2019-06-11 22:36:54 -==> Parameters: -1(Long), {"username":"admin"}(String), 登录(String), 0(Long), com.xiao.blog.system.controller.LoginController.login()(String), {"username":"admin"}(String), 127.0.0.1(String), 2019-06-11 22:36:54.757(Timestamp)
2019-06-11 22:36:54 -<==    Updates: 1
2019-06-11 22:36:59 -==>  Preparing: select `user_id`,`username`,`name`,`password`,`dept_id`,`email`,`mobile`,`status`,`user_id_create`,`gmt_create`,`gmt_modified`,`sex`,`birth`,`pic_id`,`live_address`,`hobby`,`province`,`city`,`district` from sys_user where username = ? 
2019-06-11 22:36:59 -==> Parameters: admin(String)
2019-06-11 22:36:59 -<==      Total: 1
2019-06-11 22:36:59 -==>  Preparing: insert into sys_log ( `user_id`, `username`, `operation`, `time`, `method`, `params`, `ip`, `gmt_create` ) values ( ?, ?, ?, ?, ?, ?, ?, ? ) 
2019-06-11 22:36:59 -==> Parameters: -1(Long), {"username":"admin"}(String), 登录(String), 44(Long), com.xiao.blog.system.controller.LoginController.login()(String), {"username":"admin"}(String), 127.0.0.1(String), 2019-06-11 22:36:59.623(Timestamp)
2019-06-11 22:36:59 -<==    Updates: 1
2019-06-11 22:37:06 -==>  Preparing: select `user_id`,`username`,`name`,`password`,`dept_id`,`email`,`mobile`,`status`,`user_id_create`,`gmt_create`,`gmt_modified`,`sex`,`birth`,`pic_id`,`live_address`,`hobby`,`province`,`city`,`district` from sys_user where username = ? 
2019-06-11 22:37:06 -==> Parameters: admin(String)
2019-06-11 22:37:06 -<==      Total: 1
2019-06-11 22:37:06 -==>  Preparing: insert into sys_log ( `user_id`, `username`, `operation`, `time`, `method`, `params`, `ip`, `gmt_create` ) values ( ?, ?, ?, ?, ?, ?, ?, ? ) 
2019-06-11 22:37:06 -==> Parameters: -1(Long), {"username":"admin"}(String), 登录(String), 3(Long), com.xiao.blog.system.controller.LoginController.login()(String), {"username":"admin"}(String), 127.0.0.1(String), 2019-06-11 22:37:06.486(Timestamp)
2019-06-11 22:37:06 -<==    Updates: 1
2019-06-11 22:37:13 -8088
2019-06-11 22:37:18 -==>  Preparing: select `user_id`,`username`,`name`,`password`,`dept_id`,`email`,`mobile`,`status`,`user_id_create`,`gmt_create`,`gmt_modified`,`sex`,`birth`,`pic_id`,`live_address`,`hobby`,`province`,`city`,`district` from sys_user where username = ? 
2019-06-11 22:37:18 -==> Parameters: admin(String)
2019-06-11 22:37:18 -<==      Total: 1
2019-06-11 22:37:18 -==>  Preparing: insert into sys_log ( `user_id`, `username`, `operation`, `time`, `method`, `params`, `ip`, `gmt_create` ) values ( ?, ?, ?, ?, ?, ?, ?, ? ) 
2019-06-11 22:37:18 -==> Parameters: -1(Long), {"username":"admin"}(String), 登录(String), 2(Long), com.xiao.blog.system.controller.LoginController.login()(String), {"username":"admin"}(String), 127.0.0.1(String), 2019-06-11 22:37:18.59(Timestamp)
2019-06-11 22:37:18 -<==    Updates: 1
2019-06-11 22:37:23 -==>  Preparing: select `user_id`,`username`,`name`,`password`,`dept_id`,`email`,`mobile`,`status`,`user_id_create`,`gmt_create`,`gmt_modified`,`sex`,`birth`,`pic_id`,`live_address`,`hobby`,`province`,`city`,`district` from sys_user where username = ? 
2019-06-11 22:37:23 -==> Parameters: admin(String)
2019-06-11 22:37:23 -<==      Total: 1
2019-06-11 22:37:23 -==>  Preparing: insert into sys_log ( `user_id`, `username`, `operation`, `time`, `method`, `params`, `ip`, `gmt_create` ) values ( ?, ?, ?, ?, ?, ?, ?, ? ) 
2019-06-11 22:37:23 -==> Parameters: -1(Long), {"username":"admin"}(String), 登录(String), 3(Long), com.xiao.blog.system.controller.LoginController.login()(String), {"username":"admin"}(String), 127.0.0.1(String), 2019-06-11 22:37:23.462(Timestamp)
2019-06-11 22:37:23 -<==    Updates: 1
2019-06-11 22:37:26 -8434
2019-06-11 22:38:17 -==>  Preparing: select `user_id`,`username`,`name`,`password`,`dept_id`,`email`,`mobile`,`status`,`user_id_create`,`gmt_create`,`gmt_modified`,`sex`,`birth`,`pic_id`,`live_address`,`hobby`,`province`,`city`,`district` from sys_user where username = ? 
2019-06-11 22:38:17 -==> Parameters: admin(String)
2019-06-11 22:38:17 -<==      Total: 1
2019-06-11 22:38:17 -==>  Preparing: insert into sys_log ( `user_id`, `username`, `operation`, `time`, `method`, `params`, `ip`, `gmt_create` ) values ( ?, ?, ?, ?, ?, ?, ?, ? ) 
2019-06-11 22:38:17 -==> Parameters: -1(Long), {"username":"admin"}(String), 登录(String), 7(Long), com.xiao.blog.system.controller.LoginController.login()(String), {"username":"admin"}(String), 127.0.0.1(String), 2019-06-11 22:38:17.173(Timestamp)
2019-06-11 22:38:17 -<==    Updates: 1
2019-06-11 22:38:17 -==>  Preparing: select `user_id`,`username`,`name`,`password`,`dept_id`,`email`,`mobile`,`status`,`user_id_create`,`gmt_create`,`gmt_modified`,`sex`,`birth`,`pic_id`,`live_address`,`hobby`,`province`,`city`,`district` from sys_user where username = ? 
2019-06-11 22:38:17 -==> Parameters: admin(String)
2019-06-11 22:38:17 -<==      Total: 1
2019-06-11 22:38:17 -==>  Preparing: insert into sys_log ( `user_id`, `username`, `operation`, `time`, `method`, `params`, `ip`, `gmt_create` ) values ( ?, ?, ?, ?, ?, ?, ?, ? ) 
2019-06-11 22:38:17 -==> Parameters: -1(Long), {"username":"admin"}(String), 登录(String), 2(Long), com.xiao.blog.system.controller.LoginController.login()(String), {"username":"admin"}(String), 127.0.0.1(String), 2019-06-11 22:38:17.87(Timestamp)
2019-06-11 22:38:17 -<==    Updates: 1
2019-06-11 22:38:18 -==>  Preparing: select `user_id`,`username`,`name`,`password`,`dept_id`,`email`,`mobile`,`status`,`user_id_create`,`gmt_create`,`gmt_modified`,`sex`,`birth`,`pic_id`,`live_address`,`hobby`,`province`,`city`,`district` from sys_user where username = ? 
2019-06-11 22:38:18 -==> Parameters: admin(String)
2019-06-11 22:38:18 -<==      Total: 1
2019-06-11 22:38:18 -==>  Preparing: insert into sys_log ( `user_id`, `username`, `operation`, `time`, `method`, `params`, `ip`, `gmt_create` ) values ( ?, ?, ?, ?, ?, ?, ?, ? ) 
2019-06-11 22:38:18 -==> Parameters: -1(Long), {"username":"admin"}(String), 登录(String), 2(Long), com.xiao.blog.system.controller.LoginController.login()(String), {"username":"admin"}(String), 127.0.0.1(String), 2019-06-11 22:38:18.069(Timestamp)
2019-06-11 22:38:18 -<==    Updates: 1
2019-06-11 22:44:25 -==>  Preparing: select `user_id`,`username`,`name`,`password`,`dept_id`,`email`,`mobile`,`status`,`user_id_create`,`gmt_create`,`gmt_modified`,`sex`,`birth`,`pic_id`,`live_address`,`hobby`,`province`,`city`,`district` from sys_user where username = ? 
2019-06-11 22:44:25 -==> Parameters: admin(String)
2019-06-11 22:44:25 -<==      Total: 1
2019-06-11 22:44:25 -==>  Preparing: insert into sys_log ( `user_id`, `username`, `operation`, `time`, `method`, `params`, `ip`, `gmt_create` ) values ( ?, ?, ?, ?, ?, ?, ?, ? ) 
2019-06-11 22:44:25 -==> Parameters: 0(Long), admin(String), 登录(String), 44584(Long), com.xiao.blog.system.controller.LoginController.login()(String), {"username":"admin"}(String), 127.0.0.1(String), 2019-06-11 22:44:25.87(Timestamp)
2019-06-11 22:44:25 -<==    Updates: 1
2019-06-11 22:48:30 -3936
2019-06-11 22:48:41 -==>  Preparing: select `user_id`,`username`,`name`,`password`,`dept_id`,`email`,`mobile`,`status`,`user_id_create`,`gmt_create`,`gmt_modified`,`sex`,`birth`,`pic_id`,`live_address`,`hobby`,`province`,`city`,`district` from sys_user where username = ? 
2019-06-11 22:48:41 -==> Parameters: admin(String)
2019-06-11 22:48:41 -<==      Total: 1
2019-06-11 22:48:41 -==>  Preparing: insert into sys_log ( `user_id`, `username`, `operation`, `time`, `method`, `params`, `ip`, `gmt_create` ) values ( ?, ?, ?, ?, ?, ?, ?, ? ) 
2019-06-11 22:48:41 -==> Parameters: 0(Long), admin(String), 登录(String), 3404(Long), com.xiao.blog.system.controller.LoginController.login()(String), {"username":"admin"}(String), 127.0.0.1(String), 2019-06-11 22:48:41.507(Timestamp)
2019-06-11 22:48:41 -<==    Updates: 1
