2019-06-01 10:17:49 -Starting BlogApplication on liuj-PC with PID 8044 (F:\Workspaces\blog\target\classes started by liuj in F:\Workspaces\blog)
2019-06-01 10:17:49 -Running with Spring Boot v2.1.5.RELEASE, Spring v5.1.7.RELEASE
2019-06-01 10:17:49 -No active profile set, falling back to default profiles: default
2019-06-01 10:17:50 -Multiple Spring Data modules found, entering strict repository configuration mode!
2019-06-01 10:17:50 -Bootstrapping Spring Data repositories in DEFAULT mode.
2019-06-01 10:17:50 -Finished Spring Data repository scanning in 7ms. Found 0 repository interfaces.
2019-06-01 10:17:51 -Bean 'org.springframework.transaction.annotation.ProxyTransactionManagementConfiguration' of type [org.springframework.transaction.annotation.ProxyTransactionManagementConfiguration$$EnhancerBySpringCGLIB$$f97b22f5] is not eligible for getting processed by all BeanPostProcessors (for example: not eligible for auto-proxying)
2019-06-01 10:17:52 -Tomcat initialized with port(s): 8080 (http)
2019-06-01 10:17:52 -Initializing ProtocolHandler ["http-nio-8080"]
2019-06-01 10:17:52 -Starting service [Tomcat]
2019-06-01 10:17:52 -Starting Servlet engine: [Apache Tomcat/9.0.19]
2019-06-01 10:17:52 -Initializing Spring embedded WebApplicationContext
2019-06-01 10:17:52 -Root WebApplicationContext: initialization completed in 2678 ms
2019-06-01 10:17:52 -Init DruidDataSource
2019-06-01 10:17:52 -{dataSource-1} inited
2019-06-01 10:17:54 -Initializing ExecutorService 'applicationTaskExecutor'
2019-06-01 10:17:55 -Starting ProtocolHandler ["http-nio-8080"]
2019-06-01 10:17:55 -Tomcat started on port(s): 8080 (http) with context path ''
2019-06-01 10:17:55 -Started BlogApplication in 6.749 seconds (JVM running for 8.347)
2019-06-01 10:18:53 -Starting BlogApplication on liuj-PC with PID 7580 (F:\Workspaces\blog\target\classes started by liuj in F:\Workspaces\blog)
2019-06-01 10:18:53 -Running with Spring Boot v2.1.5.RELEASE, Spring v5.1.7.RELEASE
2019-06-01 10:18:53 -No active profile set, falling back to default profiles: default
2019-06-01 10:18:54 -Multiple Spring Data modules found, entering strict repository configuration mode!
2019-06-01 10:18:54 -Bootstrapping Spring Data repositories in DEFAULT mode.
2019-06-01 10:18:54 -Finished Spring Data repository scanning in 16ms. Found 0 repository interfaces.
2019-06-01 10:18:54 -Bean 'org.springframework.transaction.annotation.ProxyTransactionManagementConfiguration' of type [org.springframework.transaction.annotation.ProxyTransactionManagementConfiguration$$EnhancerBySpringCGLIB$$1d18b836] is not eligible for getting processed by all BeanPostProcessors (for example: not eligible for auto-proxying)
2019-06-01 10:18:54 -Tomcat initialized with port(s): 8080 (http)
2019-06-01 10:18:55 -Initializing ProtocolHandler ["http-nio-8080"]
2019-06-01 10:18:55 -Starting service [Tomcat]
2019-06-01 10:18:55 -Starting Servlet engine: [Apache Tomcat/9.0.19]
2019-06-01 10:18:55 -Initializing Spring embedded WebApplicationContext
2019-06-01 10:18:55 -Root WebApplicationContext: initialization completed in 1150 ms
2019-06-01 10:18:55 -Init DruidDataSource
2019-06-01 10:18:55 -{dataSource-1} inited
2019-06-01 10:18:55 -Initializing ExecutorService 'applicationTaskExecutor'
2019-06-01 10:18:55 -Starting ProtocolHandler ["http-nio-8080"]
2019-06-01 10:18:55 -Tomcat started on port(s): 8080 (http) with context path ''
2019-06-01 10:18:55 -Started BlogApplication in 2.575 seconds (JVM running for 3.092)
2019-06-01 10:19:16 -Initializing Spring DispatcherServlet 'dispatcherServlet'
2019-06-01 10:19:16 -Initializing Servlet 'dispatcherServlet'
2019-06-01 10:19:16 -Completed initialization in 10 ms
2019-06-01 10:45:50 -Starting CacheApplicationTests on liuj-PC with PID 1504 (started by liuj in F:\Workspaces\blog)
2019-06-01 10:45:50 -Running with Spring Boot v2.1.5.RELEASE, Spring v5.1.7.RELEASE
2019-06-01 10:45:50 -No active profile set, falling back to default profiles: default
2019-06-01 10:45:51 -Multiple Spring Data modules found, entering strict repository configuration mode!
2019-06-01 10:45:51 -Bootstrapping Spring Data repositories in DEFAULT mode.
2019-06-01 10:45:51 -Finished Spring Data repository scanning in 12ms. Found 0 repository interfaces.
2019-06-01 10:45:51 -Bean 'org.springframework.transaction.annotation.ProxyTransactionManagementConfiguration' of type [org.springframework.transaction.annotation.ProxyTransactionManagementConfiguration$$EnhancerBySpringCGLIB$$e272c8fb] is not eligible for getting processed by all BeanPostProcessors (for example: not eligible for auto-proxying)
2019-06-01 10:45:51 -Init DruidDataSource
2019-06-01 10:45:52 -{dataSource-1} inited
2019-06-01 10:45:53 -Initializing ExecutorService 'applicationTaskExecutor'
2019-06-01 10:45:54 -Started CacheApplicationTests in 3.864 seconds (JVM running for 4.913)
2019-06-01 10:45:54 -Starting without optional epoll library
2019-06-01 10:45:54 -Starting without optional kqueue library
2019-06-01 10:45:57 -Shutting down ExecutorService 'applicationTaskExecutor'
2019-06-01 10:45:59 -{dataSource-1} closing ...
2019-06-01 10:45:59 -{dataSource-1} closed
2019-06-01 10:47:36 -Starting CacheApplicationTests on liuj-PC with PID 2848 (started by liuj in F:\Workspaces\blog)
2019-06-01 10:47:36 -Running with Spring Boot v2.1.5.RELEASE, Spring v5.1.7.RELEASE
2019-06-01 10:47:36 -No active profile set, falling back to default profiles: default
2019-06-01 10:47:37 -Multiple Spring Data modules found, entering strict repository configuration mode!
2019-06-01 10:47:37 -Bootstrapping Spring Data repositories in DEFAULT mode.
2019-06-01 10:47:37 -Finished Spring Data repository scanning in 15ms. Found 0 repository interfaces.
2019-06-01 10:47:37 -Bean 'org.springframework.transaction.annotation.ProxyTransactionManagementConfiguration' of type [org.springframework.transaction.annotation.ProxyTransactionManagementConfiguration$$EnhancerBySpringCGLIB$$4f3adbb9] is not eligible for getting processed by all BeanPostProcessors (for example: not eligible for auto-proxying)
2019-06-01 10:47:37 -Init DruidDataSource
2019-06-01 10:47:38 -{dataSource-1} inited
2019-06-01 10:47:39 -Initializing ExecutorService 'applicationTaskExecutor'
2019-06-01 10:47:39 -Started CacheApplicationTests in 3.277 seconds (JVM running for 3.973)
2019-06-01 10:47:39 -Starting without optional epoll library
2019-06-01 10:47:39 -Starting without optional kqueue library
2019-06-01 10:47:39 -Shutting down ExecutorService 'applicationTaskExecutor'
2019-06-01 10:47:41 -{dataSource-1} closing ...
2019-06-01 10:47:41 -{dataSource-1} closed
2019-06-01 11:19:55 -Starting CacheApplicationTests on liuj-PC with PID 6820 (started by liuj in F:\Workspaces\blog)
2019-06-01 11:19:55 -Running with Spring Boot v2.1.5.RELEASE, Spring v5.1.7.RELEASE
2019-06-01 11:19:55 -No active profile set, falling back to default profiles: default
2019-06-01 11:19:55 -Multiple Spring Data modules found, entering strict repository configuration mode!
2019-06-01 11:19:55 -Bootstrapping Spring Data repositories in DEFAULT mode.
2019-06-01 11:19:55 -Finished Spring Data repository scanning in 14ms. Found 0 repository interfaces.
2019-06-01 11:19:56 -Bean 'org.springframework.transaction.annotation.ProxyTransactionManagementConfiguration' of type [org.springframework.transaction.annotation.ProxyTransactionManagementConfiguration$$EnhancerBySpringCGLIB$$9024c9ef] is not eligible for getting processed by all BeanPostProcessors (for example: not eligible for auto-proxying)
2019-06-01 11:19:56 -Init DruidDataSource
2019-06-01 11:19:56 -{dataSource-1} inited
2019-06-01 11:19:57 -Initializing ExecutorService 'applicationTaskExecutor'
2019-06-01 11:19:58 -Started CacheApplicationTests in 3.669 seconds (JVM running for 4.559)
2019-06-01 11:19:58 -Starting without optional epoll library
2019-06-01 11:19:58 -Starting without optional kqueue library
2019-06-01 11:20:05 -Shutting down ExecutorService 'applicationTaskExecutor'
2019-06-01 11:20:06 -{dataSource-1} closing ...
2019-06-01 11:20:06 -{dataSource-1} closed
2019-06-01 11:21:36 -Starting CacheApplicationTests on liuj-PC with PID 10188 (started by liuj in F:\Workspaces\blog)
2019-06-01 11:21:36 -Running with Spring Boot v2.1.5.RELEASE, Spring v5.1.7.RELEASE
2019-06-01 11:21:36 -No active profile set, falling back to default profiles: default
2019-06-01 11:21:36 -Multiple Spring Data modules found, entering strict repository configuration mode!
2019-06-01 11:21:36 -Bootstrapping Spring Data repositories in DEFAULT mode.
2019-06-01 11:21:36 -Finished Spring Data repository scanning in 26ms. Found 0 repository interfaces.
2019-06-01 11:21:37 -Bean 'org.springframework.transaction.annotation.ProxyTransactionManagementConfiguration' of type [org.springframework.transaction.annotation.ProxyTransactionManagementConfiguration$$EnhancerBySpringCGLIB$$b083959c] is not eligible for getting processed by all BeanPostProcessors (for example: not eligible for auto-proxying)
2019-06-01 11:21:37 -Init DruidDataSource
2019-06-01 11:21:37 -{dataSource-1} inited
2019-06-01 11:21:38 -Initializing ExecutorService 'applicationTaskExecutor'
2019-06-01 11:21:39 -Started CacheApplicationTests in 3.721 seconds (JVM running for 4.681)
2019-06-01 11:21:39 -Starting without optional epoll library
2019-06-01 11:21:39 -Starting without optional kqueue library
2019-06-01 11:21:43 -Shutting down ExecutorService 'applicationTaskExecutor'
2019-06-01 11:21:44 -{dataSource-1} closing ...
2019-06-01 11:21:44 -{dataSource-1} closed
