2019-06-03 00:06:51 -Starting MailApplicationTests on UD8R6OO091PE5WQ with PID 1284 (started by Administrator in F:\work\idea\blog)
2019-06-03 00:06:51 -Running with Spring Boot v2.1.5.RELEASE, Spring v5.1.7.RELEASE
2019-06-03 00:06:51 -No active profile set, falling back to default profiles: default
2019-06-03 00:06:52 -Multiple Spring Data modules found, entering strict repository configuration mode!
2019-06-03 00:06:52 -Bootstrapping Spring Data repositories in DEFAULT mode.
2019-06-03 00:06:52 -Finished Spring Data repository scanning in 16ms. Found 0 repository interfaces.
2019-06-03 00:06:53 -Bean 'org.springframework.transaction.annotation.ProxyTransactionManagementConfiguration' of type [org.springframework.transaction.annotation.ProxyTransactionManagementConfiguration$$EnhancerBySpringCGLIB$$134419f5] is not eligible for getting processed by all BeanPostProcessors (for example: not eligible for auto-proxying)
2019-06-03 00:06:53 -Init DruidDataSource
2019-06-03 00:06:54 -{dataSource-1} inited
2019-06-03 00:06:56 -Initializing ExecutorService 'applicationTaskExecutor'
2019-06-03 00:06:57 -Started MailApplicationTests in 6.665 seconds (JVM running for 8.017)
2019-06-03 00:06:57 -Caught exception while allowing TestExecutionListener [org.springframework.boot.test.autoconfigure.SpringBootDependencyInjectionTestExecutionListener@6ae5aa72] to prepare test instance [com.xiao.blog.test.MailApplicationTests@51ba952e]
org.springframework.beans.factory.UnsatisfiedDependencyException: Error creating bean with name 'com.xiao.blog.test.MailApplicationTests': Unsatisfied dependency expressed through field 'mailSender'; nested exception is org.springframework.beans.factory.NoSuchBeanDefinitionException: No qualifying bean of type 'org.springframework.mail.javamail.JavaMailSender' available: expected at least 1 bean which qualifies as autowire candidate. Dependency annotations: {@org.springframework.beans.factory.annotation.Autowired(required=true)}
	at org.springframework.beans.factory.annotation.AutowiredAnnotationBeanPostProcessor$AutowiredFieldElement.inject(AutowiredAnnotationBeanPostProcessor.java:596)
	at org.springframework.beans.factory.annotation.InjectionMetadata.inject(InjectionMetadata.java:90)
	at org.springframework.beans.factory.annotation.AutowiredAnnotationBeanPostProcessor.postProcessProperties(AutowiredAnnotationBeanPostProcessor.java:374)
	at org.springframework.beans.factory.support.AbstractAutowireCapableBeanFactory.populateBean(AbstractAutowireCapableBeanFactory.java:1411)
	at org.springframework.beans.factory.support.AbstractAutowireCapableBeanFactory.autowireBeanProperties(AbstractAutowireCapableBeanFactory.java:391)
	at org.springframework.test.context.support.DependencyInjectionTestExecutionListener.injectDependencies(DependencyInjectionTestExecutionListener.java:119)
	at org.springframework.test.context.support.DependencyInjectionTestExecutionListener.prepareTestInstance(DependencyInjectionTestExecutionListener.java:83)
	at org.springframework.boot.test.autoconfigure.SpringBootDependencyInjectionTestExecutionListener.prepareTestInstance(SpringBootDependencyInjectionTestExecutionListener.java:44)
	at org.springframework.test.context.TestContextManager.prepareTestInstance(TestContextManager.java:246)
	at org.springframework.test.context.junit4.SpringJUnit4ClassRunner.createTest(SpringJUnit4ClassRunner.java:227)
	at org.springframework.test.context.junit4.SpringJUnit4ClassRunner$1.runReflectiveCall(SpringJUnit4ClassRunner.java:289)
	at org.junit.internal.runners.model.ReflectiveCallable.run(ReflectiveCallable.java:12)
	at org.springframework.test.context.junit4.SpringJUnit4ClassRunner.methodBlock(SpringJUnit4ClassRunner.java:291)
	at org.springframework.test.context.junit4.SpringJUnit4ClassRunner.runChild(SpringJUnit4ClassRunner.java:246)
	at org.springframework.test.context.junit4.SpringJUnit4ClassRunner.runChild(SpringJUnit4ClassRunner.java:97)
	at org.junit.runners.ParentRunner$3.run(ParentRunner.java:290)
	at org.junit.runners.ParentRunner$1.schedule(ParentRunner.java:71)
	at org.junit.runners.ParentRunner.runChildren(ParentRunner.java:288)
	at org.junit.runners.ParentRunner.access$000(ParentRunner.java:58)
	at org.junit.runners.ParentRunner$2.evaluate(ParentRunner.java:268)
	at org.springframework.test.context.junit4.statements.RunBeforeTestClassCallbacks.evaluate(RunBeforeTestClassCallbacks.java:61)
	at org.springframework.test.context.junit4.statements.RunAfterTestClassCallbacks.evaluate(RunAfterTestClassCallbacks.java:70)
	at org.junit.runners.ParentRunner.run(ParentRunner.java:363)
	at org.springframework.test.context.junit4.SpringJUnit4ClassRunner.run(SpringJUnit4ClassRunner.java:190)
	at org.junit.runner.JUnitCore.run(JUnitCore.java:137)
	at com.intellij.junit4.JUnit4IdeaTestRunner.startRunnerWithArgs(JUnit4IdeaTestRunner.java:68)
	at com.intellij.rt.execution.junit.IdeaTestRunner$Repeater.startRunnerWithArgs(IdeaTestRunner.java:47)
	at com.intellij.rt.execution.junit.JUnitStarter.prepareStreamsAndStart(JUnitStarter.java:242)
	at com.intellij.rt.execution.junit.JUnitStarter.main(JUnitStarter.java:70)
Caused by: org.springframework.beans.factory.NoSuchBeanDefinitionException: No qualifying bean of type 'org.springframework.mail.javamail.JavaMailSender' available: expected at least 1 bean which qualifies as autowire candidate. Dependency annotations: {@org.springframework.beans.factory.annotation.Autowired(required=true)}
	at org.springframework.beans.factory.support.DefaultListableBeanFactory.raiseNoMatchingBeanFound(DefaultListableBeanFactory.java:1655)
	at org.springframework.beans.factory.support.DefaultListableBeanFactory.doResolveDependency(DefaultListableBeanFactory.java:1214)
	at org.springframework.beans.factory.support.DefaultListableBeanFactory.resolveDependency(DefaultListableBeanFactory.java:1168)
	at org.springframework.beans.factory.annotation.AutowiredAnnotationBeanPostProcessor$AutowiredFieldElement.inject(AutowiredAnnotationBeanPostProcessor.java:593)
	... 28 common frames omitted
2019-06-03 00:06:57 -Shutting down ExecutorService 'applicationTaskExecutor'
2019-06-03 00:06:57 -{dataSource-1} closing ...
2019-06-03 00:06:57 -{dataSource-1} closed
2019-06-03 00:12:53 -Starting MailApplicationTests on UD8R6OO091PE5WQ with PID 8444 (started by Administrator in F:\work\idea\blog)
2019-06-03 00:12:53 -Running with Spring Boot v2.1.5.RELEASE, Spring v5.1.7.RELEASE
2019-06-03 00:12:53 -No active profile set, falling back to default profiles: default
2019-06-03 00:12:54 -Multiple Spring Data modules found, entering strict repository configuration mode!
2019-06-03 00:12:54 -Bootstrapping Spring Data repositories in DEFAULT mode.
2019-06-03 00:12:54 -Finished Spring Data repository scanning in 16ms. Found 0 repository interfaces.
2019-06-03 00:12:55 -Bean 'org.springframework.transaction.annotation.ProxyTransactionManagementConfiguration' of type [org.springframework.transaction.annotation.ProxyTransactionManagementConfiguration$$EnhancerBySpringCGLIB$$c7b51909] is not eligible for getting processed by all BeanPostProcessors (for example: not eligible for auto-proxying)
2019-06-03 00:12:55 -Init DruidDataSource
2019-06-03 00:12:56 -{dataSource-1} inited
2019-06-03 00:12:58 -Initializing ExecutorService 'applicationTaskExecutor'
2019-06-03 00:12:59 -Started MailApplicationTests in 6.717 seconds (JVM running for 8.157)
2019-06-03 00:12:59 -Caught exception while allowing TestExecutionListener [org.springframework.boot.test.autoconfigure.SpringBootDependencyInjectionTestExecutionListener@6ae5aa72] to prepare test instance [com.xiao.blog.test.MailApplicationTests@153d6d74]
org.springframework.beans.factory.UnsatisfiedDependencyException: Error creating bean with name 'com.xiao.blog.test.MailApplicationTests': Unsatisfied dependency expressed through field 'mailSender'; nested exception is org.springframework.beans.factory.NoSuchBeanDefinitionException: No qualifying bean of type 'org.springframework.mail.javamail.JavaMailSender' available: expected at least 1 bean which qualifies as autowire candidate. Dependency annotations: {@org.springframework.beans.factory.annotation.Autowired(required=true)}
	at org.springframework.beans.factory.annotation.AutowiredAnnotationBeanPostProcessor$AutowiredFieldElement.inject(AutowiredAnnotationBeanPostProcessor.java:596)
	at org.springframework.beans.factory.annotation.InjectionMetadata.inject(InjectionMetadata.java:90)
	at org.springframework.beans.factory.annotation.AutowiredAnnotationBeanPostProcessor.postProcessProperties(AutowiredAnnotationBeanPostProcessor.java:374)
	at org.springframework.beans.factory.support.AbstractAutowireCapableBeanFactory.populateBean(AbstractAutowireCapableBeanFactory.java:1411)
	at org.springframework.beans.factory.support.AbstractAutowireCapableBeanFactory.autowireBeanProperties(AbstractAutowireCapableBeanFactory.java:391)
	at org.springframework.test.context.support.DependencyInjectionTestExecutionListener.injectDependencies(DependencyInjectionTestExecutionListener.java:119)
	at org.springframework.test.context.support.DependencyInjectionTestExecutionListener.prepareTestInstance(DependencyInjectionTestExecutionListener.java:83)
	at org.springframework.boot.test.autoconfigure.SpringBootDependencyInjectionTestExecutionListener.prepareTestInstance(SpringBootDependencyInjectionTestExecutionListener.java:44)
	at org.springframework.test.context.TestContextManager.prepareTestInstance(TestContextManager.java:246)
	at org.springframework.test.context.junit4.SpringJUnit4ClassRunner.createTest(SpringJUnit4ClassRunner.java:227)
	at org.springframework.test.context.junit4.SpringJUnit4ClassRunner$1.runReflectiveCall(SpringJUnit4ClassRunner.java:289)
	at org.junit.internal.runners.model.ReflectiveCallable.run(ReflectiveCallable.java:12)
	at org.springframework.test.context.junit4.SpringJUnit4ClassRunner.methodBlock(SpringJUnit4ClassRunner.java:291)
	at org.springframework.test.context.junit4.SpringJUnit4ClassRunner.runChild(SpringJUnit4ClassRunner.java:246)
	at org.springframework.test.context.junit4.SpringJUnit4ClassRunner.runChild(SpringJUnit4ClassRunner.java:97)
	at org.junit.runners.ParentRunner$3.run(ParentRunner.java:290)
	at org.junit.runners.ParentRunner$1.schedule(ParentRunner.java:71)
	at org.junit.runners.ParentRunner.runChildren(ParentRunner.java:288)
	at org.junit.runners.ParentRunner.access$000(ParentRunner.java:58)
	at org.junit.runners.ParentRunner$2.evaluate(ParentRunner.java:268)
	at org.springframework.test.context.junit4.statements.RunBeforeTestClassCallbacks.evaluate(RunBeforeTestClassCallbacks.java:61)
	at org.springframework.test.context.junit4.statements.RunAfterTestClassCallbacks.evaluate(RunAfterTestClassCallbacks.java:70)
	at org.junit.runners.ParentRunner.run(ParentRunner.java:363)
	at org.springframework.test.context.junit4.SpringJUnit4ClassRunner.run(SpringJUnit4ClassRunner.java:190)
	at org.junit.runner.JUnitCore.run(JUnitCore.java:137)
	at com.intellij.junit4.JUnit4IdeaTestRunner.startRunnerWithArgs(JUnit4IdeaTestRunner.java:68)
	at com.intellij.rt.execution.junit.IdeaTestRunner$Repeater.startRunnerWithArgs(IdeaTestRunner.java:47)
	at com.intellij.rt.execution.junit.JUnitStarter.prepareStreamsAndStart(JUnitStarter.java:242)
	at com.intellij.rt.execution.junit.JUnitStarter.main(JUnitStarter.java:70)
Caused by: org.springframework.beans.factory.NoSuchBeanDefinitionException: No qualifying bean of type 'org.springframework.mail.javamail.JavaMailSender' available: expected at least 1 bean which qualifies as autowire candidate. Dependency annotations: {@org.springframework.beans.factory.annotation.Autowired(required=true)}
	at org.springframework.beans.factory.support.DefaultListableBeanFactory.raiseNoMatchingBeanFound(DefaultListableBeanFactory.java:1655)
	at org.springframework.beans.factory.support.DefaultListableBeanFactory.doResolveDependency(DefaultListableBeanFactory.java:1214)
	at org.springframework.beans.factory.support.DefaultListableBeanFactory.resolveDependency(DefaultListableBeanFactory.java:1168)
	at org.springframework.beans.factory.annotation.AutowiredAnnotationBeanPostProcessor$AutowiredFieldElement.inject(AutowiredAnnotationBeanPostProcessor.java:593)
	... 28 common frames omitted
2019-06-03 00:12:59 -Shutting down ExecutorService 'applicationTaskExecutor'
2019-06-03 00:12:59 -{dataSource-1} closing ...
2019-06-03 00:12:59 -{dataSource-1} closed
2019-06-03 00:26:01 -Starting MailApplicationTests on UD8R6OO091PE5WQ with PID 4480 (started by Administrator in F:\work\idea\blog)
2019-06-03 00:26:01 -Running with Spring Boot v2.1.5.RELEASE, Spring v5.1.7.RELEASE
2019-06-03 00:26:01 -No active profile set, falling back to default profiles: default
2019-06-03 00:26:02 -Multiple Spring Data modules found, entering strict repository configuration mode!
2019-06-03 00:26:02 -Bootstrapping Spring Data repositories in DEFAULT mode.
2019-06-03 00:26:02 -Finished Spring Data repository scanning in 20ms. Found 0 repository interfaces.
2019-06-03 00:26:03 -Bean 'org.springframework.transaction.annotation.ProxyTransactionManagementConfiguration' of type [org.springframework.transaction.annotation.ProxyTransactionManagementConfiguration$$EnhancerBySpringCGLIB$$e45edec7] is not eligible for getting processed by all BeanPostProcessors (for example: not eligible for auto-proxying)
2019-06-03 00:26:03 -Init DruidDataSource
2019-06-03 00:26:04 -{dataSource-1} inited
2019-06-03 00:26:06 -Initializing ExecutorService 'applicationTaskExecutor'
2019-06-03 00:26:07 -Started MailApplicationTests in 8.207 seconds (JVM running for 10.139)
2019-06-03 00:26:08 -Caught exception while allowing TestExecutionListener [org.springframework.boot.test.autoconfigure.SpringBootDependencyInjectionTestExecutionListener@a37aefe] to prepare test instance [com.xiao.blog.test.MailApplicationTests@409395b9]
org.springframework.beans.factory.UnsatisfiedDependencyException: Error creating bean with name 'com.xiao.blog.test.MailApplicationTests': Unsatisfied dependency expressed through field 'mailSender'; nested exception is org.springframework.beans.factory.NoSuchBeanDefinitionException: No qualifying bean of type 'org.springframework.mail.javamail.JavaMailSender' available: expected at least 1 bean which qualifies as autowire candidate. Dependency annotations: {@org.springframework.beans.factory.annotation.Autowired(required=true)}
	at org.springframework.beans.factory.annotation.AutowiredAnnotationBeanPostProcessor$AutowiredFieldElement.inject(AutowiredAnnotationBeanPostProcessor.java:596)
	at org.springframework.beans.factory.annotation.InjectionMetadata.inject(InjectionMetadata.java:90)
	at org.springframework.beans.factory.annotation.AutowiredAnnotationBeanPostProcessor.postProcessProperties(AutowiredAnnotationBeanPostProcessor.java:374)
	at org.springframework.beans.factory.support.AbstractAutowireCapableBeanFactory.populateBean(AbstractAutowireCapableBeanFactory.java:1411)
	at org.springframework.beans.factory.support.AbstractAutowireCapableBeanFactory.autowireBeanProperties(AbstractAutowireCapableBeanFactory.java:391)
	at org.springframework.test.context.support.DependencyInjectionTestExecutionListener.injectDependencies(DependencyInjectionTestExecutionListener.java:119)
	at org.springframework.test.context.support.DependencyInjectionTestExecutionListener.prepareTestInstance(DependencyInjectionTestExecutionListener.java:83)
	at org.springframework.boot.test.autoconfigure.SpringBootDependencyInjectionTestExecutionListener.prepareTestInstance(SpringBootDependencyInjectionTestExecutionListener.java:44)
	at org.springframework.test.context.TestContextManager.prepareTestInstance(TestContextManager.java:246)
	at org.springframework.test.context.junit4.SpringJUnit4ClassRunner.createTest(SpringJUnit4ClassRunner.java:227)
	at org.springframework.test.context.junit4.SpringJUnit4ClassRunner$1.runReflectiveCall(SpringJUnit4ClassRunner.java:289)
	at org.junit.internal.runners.model.ReflectiveCallable.run(ReflectiveCallable.java:12)
	at org.springframework.test.context.junit4.SpringJUnit4ClassRunner.methodBlock(SpringJUnit4ClassRunner.java:291)
	at org.springframework.test.context.junit4.SpringJUnit4ClassRunner.runChild(SpringJUnit4ClassRunner.java:246)
	at org.springframework.test.context.junit4.SpringJUnit4ClassRunner.runChild(SpringJUnit4ClassRunner.java:97)
	at org.junit.runners.ParentRunner$3.run(ParentRunner.java:290)
	at org.junit.runners.ParentRunner$1.schedule(ParentRunner.java:71)
	at org.junit.runners.ParentRunner.runChildren(ParentRunner.java:288)
	at org.junit.runners.ParentRunner.access$000(ParentRunner.java:58)
	at org.junit.runners.ParentRunner$2.evaluate(ParentRunner.java:268)
	at org.springframework.test.context.junit4.statements.RunBeforeTestClassCallbacks.evaluate(RunBeforeTestClassCallbacks.java:61)
	at org.springframework.test.context.junit4.statements.RunAfterTestClassCallbacks.evaluate(RunAfterTestClassCallbacks.java:70)
	at org.junit.runners.ParentRunner.run(ParentRunner.java:363)
	at org.springframework.test.context.junit4.SpringJUnit4ClassRunner.run(SpringJUnit4ClassRunner.java:190)
	at org.junit.runner.JUnitCore.run(JUnitCore.java:137)
	at com.intellij.junit4.JUnit4IdeaTestRunner.startRunnerWithArgs(JUnit4IdeaTestRunner.java:68)
	at com.intellij.rt.execution.junit.IdeaTestRunner$Repeater.startRunnerWithArgs(IdeaTestRunner.java:47)
	at com.intellij.rt.execution.junit.JUnitStarter.prepareStreamsAndStart(JUnitStarter.java:242)
	at com.intellij.rt.execution.junit.JUnitStarter.main(JUnitStarter.java:70)
Caused by: org.springframework.beans.factory.NoSuchBeanDefinitionException: No qualifying bean of type 'org.springframework.mail.javamail.JavaMailSender' available: expected at least 1 bean which qualifies as autowire candidate. Dependency annotations: {@org.springframework.beans.factory.annotation.Autowired(required=true)}
	at org.springframework.beans.factory.support.DefaultListableBeanFactory.raiseNoMatchingBeanFound(DefaultListableBeanFactory.java:1655)
	at org.springframework.beans.factory.support.DefaultListableBeanFactory.doResolveDependency(DefaultListableBeanFactory.java:1214)
	at org.springframework.beans.factory.support.DefaultListableBeanFactory.resolveDependency(DefaultListableBeanFactory.java:1168)
	at org.springframework.beans.factory.annotation.AutowiredAnnotationBeanPostProcessor$AutowiredFieldElement.inject(AutowiredAnnotationBeanPostProcessor.java:593)
	... 28 common frames omitted
2019-06-03 00:26:08 -Shutting down ExecutorService 'applicationTaskExecutor'
2019-06-03 00:26:08 -{dataSource-1} closing ...
2019-06-03 00:26:08 -{dataSource-1} closed
2019-06-03 10:39:34 -Starting MailApplicationTests on liuj-PC with PID 7528 (started by liuj in F:\Workspaces\blog)
2019-06-03 10:39:34 -Running with Spring Boot v2.1.5.RELEASE, Spring v5.1.7.RELEASE
2019-06-03 10:39:34 -No active profile set, falling back to default profiles: default
2019-06-03 10:39:36 -Multiple Spring Data modules found, entering strict repository configuration mode!
2019-06-03 10:39:36 -Bootstrapping Spring Data repositories in DEFAULT mode.
2019-06-03 10:39:36 -Finished Spring Data repository scanning in 39ms. Found 0 repository interfaces.
2019-06-03 10:39:37 -Bean 'org.springframework.transaction.annotation.ProxyTransactionManagementConfiguration' of type [org.springframework.transaction.annotation.ProxyTransactionManagementConfiguration$$EnhancerBySpringCGLIB$$e513c324] is not eligible for getting processed by all BeanPostProcessors (for example: not eligible for auto-proxying)
2019-06-03 10:39:37 -Init DruidDataSource
2019-06-03 10:39:38 -{dataSource-1} inited
2019-06-03 10:39:40 -Initializing ExecutorService 'applicationTaskExecutor'
2019-06-03 10:39:41 -Started MailApplicationTests in 7.773 seconds (JVM running for 9.66)
2019-06-03 10:39:41 -Shutting down ExecutorService 'applicationTaskExecutor'
2019-06-03 10:39:41 -{dataSource-1} closing ...
2019-06-03 10:39:41 -{dataSource-1} closed
2019-06-03 10:45:29 -Starting MailApplicationTests on liuj-PC with PID 6372 (started by liuj in F:\Workspaces\blog)
2019-06-03 10:45:29 -Running with Spring Boot v2.1.5.RELEASE, Spring v5.1.7.RELEASE
2019-06-03 10:45:29 -No active profile set, falling back to default profiles: default
2019-06-03 10:45:30 -Multiple Spring Data modules found, entering strict repository configuration mode!
2019-06-03 10:45:30 -Bootstrapping Spring Data repositories in DEFAULT mode.
2019-06-03 10:45:30 -Finished Spring Data repository scanning in 14ms. Found 0 repository interfaces.
2019-06-03 10:45:30 -Bean 'org.springframework.transaction.annotation.ProxyTransactionManagementConfiguration' of type [org.springframework.transaction.annotation.ProxyTransactionManagementConfiguration$$EnhancerBySpringCGLIB$$7eeb0fbf] is not eligible for getting processed by all BeanPostProcessors (for example: not eligible for auto-proxying)
2019-06-03 10:45:30 -Init DruidDataSource
2019-06-03 10:45:30 -{dataSource-1} inited
2019-06-03 10:45:32 -Initializing ExecutorService 'applicationTaskExecutor'
2019-06-03 10:45:32 -Started MailApplicationTests in 4.135 seconds (JVM running for 4.811)
2019-06-03 10:45:33 -Shutting down ExecutorService 'applicationTaskExecutor'
2019-06-03 10:45:33 -{dataSource-1} closing ...
2019-06-03 10:45:33 -{dataSource-1} closed
2019-06-03 10:46:31 -Starting MailApplicationTests on liuj-PC with PID 8804 (started by liuj in F:\Workspaces\blog)
2019-06-03 10:46:31 -Running with Spring Boot v2.1.5.RELEASE, Spring v5.1.7.RELEASE
2019-06-03 10:46:31 -No active profile set, falling back to default profiles: default
2019-06-03 10:46:32 -Multiple Spring Data modules found, entering strict repository configuration mode!
2019-06-03 10:46:32 -Bootstrapping Spring Data repositories in DEFAULT mode.
2019-06-03 10:46:32 -Finished Spring Data repository scanning in 13ms. Found 0 repository interfaces.
2019-06-03 10:46:32 -Bean 'org.springframework.transaction.annotation.ProxyTransactionManagementConfiguration' of type [org.springframework.transaction.annotation.ProxyTransactionManagementConfiguration$$EnhancerBySpringCGLIB$$a6d2ff1] is not eligible for getting processed by all BeanPostProcessors (for example: not eligible for auto-proxying)
2019-06-03 10:46:32 -Init DruidDataSource
2019-06-03 10:46:33 -{dataSource-1} inited
2019-06-03 10:46:34 -Initializing ExecutorService 'applicationTaskExecutor'
2019-06-03 10:46:35 -Started MailApplicationTests in 4.211 seconds (JVM running for 4.88)
2019-06-03 10:46:35 -Shutting down ExecutorService 'applicationTaskExecutor'
2019-06-03 10:46:35 -{dataSource-1} closing ...
2019-06-03 10:46:35 -{dataSource-1} closed
2019-06-03 10:57:08 -Starting MailApplicationTests on liuj-PC with PID 8584 (started by liuj in F:\Workspaces\blog)
2019-06-03 10:57:08 -Running with Spring Boot v2.1.5.RELEASE, Spring v5.1.7.RELEASE
2019-06-03 10:57:08 -No active profile set, falling back to default profiles: default
2019-06-03 10:57:09 -Multiple Spring Data modules found, entering strict repository configuration mode!
2019-06-03 10:57:09 -Bootstrapping Spring Data repositories in DEFAULT mode.
2019-06-03 10:57:09 -Finished Spring Data repository scanning in 13ms. Found 0 repository interfaces.
2019-06-03 10:57:09 -Bean 'org.springframework.transaction.annotation.ProxyTransactionManagementConfiguration' of type [org.springframework.transaction.annotation.ProxyTransactionManagementConfiguration$$EnhancerBySpringCGLIB$$3066d223] is not eligible for getting processed by all BeanPostProcessors (for example: not eligible for auto-proxying)
2019-06-03 10:57:10 -Init DruidDataSource
2019-06-03 10:57:10 -{dataSource-1} inited
2019-06-03 10:57:11 -Initializing ExecutorService 'applicationTaskExecutor'
2019-06-03 10:57:12 -Started MailApplicationTests in 4.138 seconds (JVM running for 4.79)
2019-06-03 10:57:13 -Shutting down ExecutorService 'applicationTaskExecutor'
2019-06-03 10:57:13 -{dataSource-1} closing ...
2019-06-03 10:57:13 -{dataSource-1} closed
2019-06-03 11:07:42 -Starting MailApplicationTests on liuj-PC with PID 8816 (started by liuj in F:\Workspaces\blog)
2019-06-03 11:07:42 -Running with Spring Boot v2.1.5.RELEASE, Spring v5.1.7.RELEASE
2019-06-03 11:07:42 -No active profile set, falling back to default profiles: default
2019-06-03 11:07:43 -Multiple Spring Data modules found, entering strict repository configuration mode!
2019-06-03 11:07:43 -Bootstrapping Spring Data repositories in DEFAULT mode.
2019-06-03 11:07:43 -Finished Spring Data repository scanning in 14ms. Found 0 repository interfaces.
2019-06-03 11:07:44 -Bean 'org.springframework.transaction.annotation.ProxyTransactionManagementConfiguration' of type [org.springframework.transaction.annotation.ProxyTransactionManagementConfiguration$$EnhancerBySpringCGLIB$$3b62cbcb] is not eligible for getting processed by all BeanPostProcessors (for example: not eligible for auto-proxying)
2019-06-03 11:07:44 -Init DruidDataSource
2019-06-03 11:07:44 -{dataSource-1} inited
2019-06-03 11:07:45 -Initializing ExecutorService 'applicationTaskExecutor'
2019-06-03 11:07:46 -Started MailApplicationTests in 4.301 seconds (JVM running for 4.992)
2019-06-03 11:07:47 -Shutting down ExecutorService 'applicationTaskExecutor'
2019-06-03 11:07:47 -{dataSource-1} closing ...
2019-06-03 11:07:47 -{dataSource-1} closed
2019-06-03 11:24:41 -Starting MailApplicationTests on liuj-PC with PID 8464 (started by liuj in F:\Workspaces\blog)
2019-06-03 11:24:41 -Running with Spring Boot v2.1.5.RELEASE, Spring v5.1.7.RELEASE
2019-06-03 11:24:41 -No active profile set, falling back to default profiles: default
2019-06-03 11:24:41 -Multiple Spring Data modules found, entering strict repository configuration mode!
2019-06-03 11:24:41 -Bootstrapping Spring Data repositories in DEFAULT mode.
2019-06-03 11:24:42 -Finished Spring Data repository scanning in 14ms. Found 0 repository interfaces.
2019-06-03 11:24:42 -Bean 'org.springframework.transaction.annotation.ProxyTransactionManagementConfiguration' of type [org.springframework.transaction.annotation.ProxyTransactionManagementConfiguration$$EnhancerBySpringCGLIB$$c93d7770] is not eligible for getting processed by all BeanPostProcessors (for example: not eligible for auto-proxying)
2019-06-03 11:24:42 -Init DruidDataSource
2019-06-03 11:24:42 -{dataSource-1} inited
2019-06-03 11:24:44 -Initializing ExecutorService 'applicationTaskExecutor'
2019-06-03 11:24:44 -Started MailApplicationTests in 4.238 seconds (JVM running for 4.9)
2019-06-03 11:24:45 -Shutting down ExecutorService 'applicationTaskExecutor'
2019-06-03 11:24:45 -{dataSource-1} closing ...
2019-06-03 11:24:45 -{dataSource-1} closed
2019-06-03 11:30:52 -Starting MailApplicationTests on liuj-PC with PID 10004 (started by liuj in F:\Workspaces\blog)
2019-06-03 11:30:52 -Running with Spring Boot v2.1.5.RELEASE, Spring v5.1.7.RELEASE
2019-06-03 11:30:52 -No active profile set, falling back to default profiles: default
2019-06-03 11:30:53 -Multiple Spring Data modules found, entering strict repository configuration mode!
2019-06-03 11:30:53 -Bootstrapping Spring Data repositories in DEFAULT mode.
2019-06-03 11:30:53 -Finished Spring Data repository scanning in 16ms. Found 0 repository interfaces.
2019-06-03 11:30:53 -Bean 'org.springframework.transaction.annotation.ProxyTransactionManagementConfiguration' of type [org.springframework.transaction.annotation.ProxyTransactionManagementConfiguration$$EnhancerBySpringCGLIB$$4a3a8f7f] is not eligible for getting processed by all BeanPostProcessors (for example: not eligible for auto-proxying)
2019-06-03 11:30:54 -Init DruidDataSource
2019-06-03 11:30:54 -{dataSource-1} inited
2019-06-03 11:30:55 -Initializing ExecutorService 'applicationTaskExecutor'
2019-06-03 11:30:56 -Started MailApplicationTests in 4.119 seconds (JVM running for 4.78)
2019-06-03 11:30:57 -Shutting down ExecutorService 'applicationTaskExecutor'
2019-06-03 11:30:57 -{dataSource-1} closing ...
2019-06-03 11:30:57 -{dataSource-1} closed
